2021/02/04 22:36:31 Downloading source code...
2021/02/04 22:36:32 Finished downloading source code
2021/02/04 22:36:33 Creating Docker network: acb_default_network, driver: 'bridge'
2021/02/04 22:36:33 Successfully set up Docker network: acb_default_network
2021/02/04 22:36:33 Setting up Docker configuration...
2021/02/04 22:36:34 Successfully set up Docker configuration
2021/02/04 22:36:34 Logging in to registry: eb9e5f979d574d3fa31d07bec90a256f.azurecr.io
2021/02/04 22:36:35 Successfully logged into eb9e5f979d574d3fa31d07bec90a256f.azurecr.io
2021/02/04 22:36:35 Executing step ID: acb_step_0. Timeout(sec): 5400, Working directory: '', Network: 'acb_default_network'
2021/02/04 22:36:35 Scanning for dependencies...
2021/02/04 22:36:35 Successfully scanned dependencies
2021/02/04 22:36:35 Launching container with name: acb_step_0
Sending build context to Docker daemon  65.02kB
Step 1/15 : FROM mcr.microsoft.com/azureml/intelmpi2018.3-ubuntu16.04:20210104.v1@sha256:81ca5cdfeefc2a25afff41e66151e97b8a36c0a43d0cd0056af26f01dd37885e
sha256:81ca5cdfeefc2a25afff41e66151e97b8a36c0a43d0cd0056af26f01dd37885e: Pulling from azureml/intelmpi2018.3-ubuntu16.04
Digest: sha256:81ca5cdfeefc2a25afff41e66151e97b8a36c0a43d0cd0056af26f01dd37885e
Status: Downloaded newer image for mcr.microsoft.com/azureml/intelmpi2018.3-ubuntu16.04:20210104.v1@sha256:81ca5cdfeefc2a25afff41e66151e97b8a36c0a43d0cd0056af26f01dd37885e
 ---> 138ae4912094
Step 2/15 : USER root
 ---> Running in 672de72a997f
Removing intermediate container 672de72a997f
 ---> 27dfff24dc3b
Step 3/15 : RUN mkdir -p $HOME/.cache
 ---> Running in 462ef867a7e0
Removing intermediate container 462ef867a7e0
 ---> 53418ce44978
Step 4/15 : WORKDIR /
 ---> Running in 58d4ebe63c65
Removing intermediate container 58d4ebe63c65
 ---> 0dba09b9ce81
Step 5/15 : COPY azureml-environment-setup/99brokenproxy /etc/apt/apt.conf.d/
 ---> 05f8aefa9d4f
Step 6/15 : RUN if dpkg --compare-versions `conda --version | grep -oE '[^ ]+$'` lt 4.4.11; then conda install conda==4.4.11; fi
 ---> Running in a724bd5cac64
Removing intermediate container a724bd5cac64
 ---> 516f27661e4b
Step 7/15 : COPY azureml-environment-setup/mutated_conda_dependencies.yml azureml-environment-setup/mutated_conda_dependencies.yml
 ---> 3b1565ea3136
Step 8/15 : RUN ldconfig /usr/local/cuda/lib64/stubs && conda env create -p /azureml-envs/azureml_c5820c53ee3cfce7f820152d7aa2851d -f azureml-environment-setup/mutated_conda_dependencies.yml && rm -rf "$HOME/.cache/pip" && conda clean -aqy && CONDA_ROOT_DIR=$(conda info --root) && rm -rf "$CONDA_ROOT_DIR/pkgs" && find "$CONDA_ROOT_DIR" -type d -name __pycache__ -exec rm -rf {} + && ldconfig
 ---> Running in 12307fab888b
Warning: you have pip-installed dependencies in your environment file, but you do not list pip itself as one of your conda dependencies.  Conda may not use the correct pip to install your packages, and they may end up in the wrong place.  Please add an explicit pip dependency.  I'm adding one for you, but still nagging you.
Collecting package metadata (repodata.json): ...working... done
Solving environment: ...working... failed
[91m
ResolvePackageNotFound: 
  - azureml-train-automl

[0mThe command '/bin/sh -c ldconfig /usr/local/cuda/lib64/stubs && conda env create -p /azureml-envs/azureml_c5820c53ee3cfce7f820152d7aa2851d -f azureml-environment-setup/mutated_conda_dependencies.yml && rm -rf "$HOME/.cache/pip" && conda clean -aqy && CONDA_ROOT_DIR=$(conda info --root) && rm -rf "$CONDA_ROOT_DIR/pkgs" && find "$CONDA_ROOT_DIR" -type d -name __pycache__ -exec rm -rf {} + && ldconfig' returned a non-zero code: 1
2021/02/04 22:36:54 Container failed during run: acb_step_0. No retries remaining.
failed to run step ID: acb_step_0: exit status 1

Run ID: cd4 failed after 24s. Error: failed during run, err: exit status 1
